app/build/intermediates/manifest_merge_blame_file/release/processReleaseMainManifest/manifest-merger-blame-release-report.txt
1<?xml version="1.0" encoding="utf-8"?>
2<manifest xmlns:android="http://schemas.android.com/apk/res/android"
3    package="com.colors.game"
4    android:versionCode="1"
5    android:versionName="1.0" >
6
7    <uses-sdk
8        android:minSdkVersion="26"
9        android:targetSdkVersion="34" />
10
11    <uses-permission android:name="android.permission.VIBRATE" />
11-->src\main\AndroidManifest.xml:4:5-66
11-->src\main\AndroidManifest.xml:4:22-63
12    <uses-permission android:name="android.permission.INTERNET" />
12-->src\main\AndroidManifest.xml:5:5-67
12-->src\main\AndroidManifest.xml:5:22-64
13
14    <queries>
14-->[com.google.android.gms:play-services-games-v2:19.0.0] AndroidManifest.xml:7:5-10:15
15        <package android:name="com.google.android.gms" />
15-->[com.google.android.gms:play-services-games-v2:19.0.0] AndroidManifest.xml:8:9-58
15-->[com.google.android.gms:play-services-games-v2:19.0.0] AndroidManifest.xml:8:18-55
16        <package android:name="com.android.vending" />
16-->[com.google.android.gms:play-services-games-v2:19.0.0] AndroidManifest.xml:9:9-55
16-->[com.google.android.gms:play-services-games-v2:19.0.0] AndroidManifest.xml:9:18-52
17    </queries> <!-- Although the *SdkVersion is captured in gradle build files, this is required for non gradle builds -->
18    <!-- <uses-sdk android:minSdkVersion="14" /> -->
19    <uses-permission android:name="android.permission.ACCESS_NETWORK_STATE" />
19-->[com.google.firebase:firebase-firestore:24.10.3] AndroidManifest.xml:10:5-79
19-->[com.google.firebase:firebase-firestore:24.10.3] AndroidManifest.xml:10:22-76
20
21    <permission
21-->[androidx.core:core:1.13.1] AndroidManifest.xml:22:5-24:47
22        android:name="com.colors.game.DYNAMIC_RECEIVER_NOT_EXPORTED_PERMISSION"
22-->[androidx.core:core:1.13.1] AndroidManifest.xml:23:9-81
23        android:protectionLevel="signature" />
23-->[androidx.core:core:1.13.1] AndroidManifest.xml:24:9-44
24
25    <uses-permission android:name="com.colors.game.DYNAMIC_RECEIVER_NOT_EXPORTED_PERMISSION" />
25-->[androidx.core:core:1.13.1] AndroidManifest.xml:26:5-97
25-->[androidx.core:core:1.13.1] AndroidManifest.xml:26:22-94
26
27    <application
27-->src\main\AndroidManifest.xml:7:5-31:19
28        android:name="com.colors.game.ColorsApplication"
28-->src\main\AndroidManifest.xml:8:9-42
29        android:allowBackup="true"
29-->src\main\AndroidManifest.xml:9:9-35
30        android:appComponentFactory="androidx.core.app.CoreComponentFactory"
30-->[androidx.core:core:1.13.1] AndroidManifest.xml:28:18-86
31        android:extractNativeLibs="false"
32        android:icon="@mipmap/ic_launcher"
32-->src\main\AndroidManifest.xml:10:9-43
33        android:label="@string/app_name"
33-->src\main\AndroidManifest.xml:11:9-41
34        android:roundIcon="@mipmap/ic_launcher_round"
34-->src\main\AndroidManifest.xml:12:9-54
35        android:supportsRtl="true"
35-->src\main\AndroidManifest.xml:13:9-35
36        android:theme="@style/Theme.Colors" >
36-->src\main\AndroidManifest.xml:14:9-44
37
38        <!-- Google Play Games Services App ID -->
39        <meta-data
39-->src\main\AndroidManifest.xml:17:9-19:64
40            android:name="com.google.android.gms.games.APP_ID"
40-->src\main\AndroidManifest.xml:18:13-63
41            android:value="@string/game_services_project_id" />
41-->src\main\AndroidManifest.xml:19:13-61
42
43        <activity
43-->src\main\AndroidManifest.xml:21:9-30:20
44            android:name="com.colors.game.MainActivity"
44-->src\main\AndroidManifest.xml:22:13-41
45            android:exported="true"
45-->src\main\AndroidManifest.xml:23:13-36
46            android:screenOrientation="portrait"
46-->src\main\AndroidManifest.xml:24:13-49
47            android:windowSoftInputMode="adjustResize" >
47-->src\main\AndroidManifest.xml:25:13-55
48            <intent-filter>
48-->src\main\AndroidManifest.xml:26:13-29:29
49                <action android:name="android.intent.action.MAIN" />
49-->src\main\AndroidManifest.xml:27:17-69
49-->src\main\AndroidManifest.xml:27:25-66
50
51                <category android:name="android.intent.category.LAUNCHER" />
51-->src\main\AndroidManifest.xml:28:17-77
51-->src\main\AndroidManifest.xml:28:27-74
52            </intent-filter>
53        </activity>
54
55        <provider
55-->[com.google.android.gms:play-services-games-v2:19.0.0] AndroidManifest.xml:13:9-17:38
56            android:name="com.google.android.gms.games.provider.PlayGamesInitProvider"
56-->[com.google.android.gms:play-services-games-v2:19.0.0] AndroidManifest.xml:14:13-87
57            android:authorities="com.colors.game.playgamesinitprovider"
57-->[com.google.android.gms:play-services-games-v2:19.0.0] AndroidManifest.xml:15:13-73
58            android:exported="false"
58-->[com.google.android.gms:play-services-games-v2:19.0.0] AndroidManifest.xml:16:13-37
59            android:initOrder="99" />
59-->[com.google.android.gms:play-services-games-v2:19.0.0] AndroidManifest.xml:17:13-35
60
61        <activity
61-->[com.google.android.gms:play-services-games-v2:19.0.0] AndroidManifest.xml:19:9-22:62
62            android:name="com.google.android.gms.games.internal.v2.resolution.GamesResolutionActivity"
62-->[com.google.android.gms:play-services-games-v2:19.0.0] AndroidManifest.xml:20:13-103
63            android:exported="false"
63-->[com.google.android.gms:play-services-games-v2:19.0.0] AndroidManifest.xml:21:13-37
64            android:theme="@style/Theme.Games.Transparent" />
64-->[com.google.android.gms:play-services-games-v2:19.0.0] AndroidManifest.xml:22:13-59
65
66        <meta-data
66-->[com.google.android.gms:play-services-games-v2:19.0.0] AndroidManifest.xml:24:9-26:62
67            android:name="com.google.android.gms.games.version"
67-->[com.google.android.gms:play-services-games-v2:19.0.0] AndroidManifest.xml:25:13-64
68            android:value="@string/play_games_sdk_version" />
68-->[com.google.android.gms:play-services-games-v2:19.0.0] AndroidManifest.xml:26:13-59
69
70        <service
70-->[com.google.firebase:firebase-firestore-ktx:24.10.3] AndroidManifest.xml:9:9-15:19
71            android:name="com.google.firebase.components.ComponentDiscoveryService"
71-->[com.google.firebase:firebase-firestore-ktx:24.10.3] AndroidManifest.xml:10:13-84
72            android:directBootAware="true"
72-->[com.google.firebase:firebase-common:20.4.2] AndroidManifest.xml:32:13-43
73            android:exported="false" >
73-->[com.google.firebase:firebase-firestore-ktx:24.10.3] AndroidManifest.xml:11:13-37
74            <meta-data
74-->[com.google.firebase:firebase-firestore-ktx:24.10.3] AndroidManifest.xml:12:13-14:85
75                android:name="com.google.firebase.components:com.google.firebase.firestore.ktx.FirebaseFirestoreLegacyRegistrar"
75-->[com.google.firebase:firebase-firestore-ktx:24.10.3] AndroidManifest.xml:13:17-129
76                android:value="com.google.firebase.components.ComponentRegistrar" />
76-->[com.google.firebase:firebase-firestore-ktx:24.10.3] AndroidManifest.xml:14:17-82
77            <meta-data
77-->[com.google.firebase:firebase-firestore:24.10.3] AndroidManifest.xml:17:13-19:85
78                android:name="com.google.firebase.components:com.google.firebase.firestore.FirebaseFirestoreKtxRegistrar"
78-->[com.google.firebase:firebase-firestore:24.10.3] AndroidManifest.xml:18:17-122
79                android:value="com.google.firebase.components.ComponentRegistrar" />
79-->[com.google.firebase:firebase-firestore:24.10.3] AndroidManifest.xml:19:17-82
80            <meta-data
80-->[com.google.firebase:firebase-firestore:24.10.3] AndroidManifest.xml:20:13-22:85
81                android:name="com.google.firebase.components:com.google.firebase.firestore.FirestoreRegistrar"
81-->[com.google.firebase:firebase-firestore:24.10.3] AndroidManifest.xml:21:17-111
82                android:value="com.google.firebase.components.ComponentRegistrar" />
82-->[com.google.firebase:firebase-firestore:24.10.3] AndroidManifest.xml:22:17-82
83            <meta-data
83-->[com.google.firebase:firebase-common-ktx:20.4.2] AndroidManifest.xml:12:13-14:85
84                android:name="com.google.firebase.components:com.google.firebase.ktx.FirebaseCommonLegacyRegistrar"
84-->[com.google.firebase:firebase-common-ktx:20.4.2] AndroidManifest.xml:13:17-116
85                android:value="com.google.firebase.components.ComponentRegistrar" />
85-->[com.google.firebase:firebase-common-ktx:20.4.2] AndroidManifest.xml:14:17-82
86            <meta-data
86-->[com.google.firebase:firebase-common:20.4.2] AndroidManifest.xml:35:13-37:85
87                android:name="com.google.firebase.components:com.google.firebase.FirebaseCommonKtxRegistrar"
87-->[com.google.firebase:firebase-common:20.4.2] AndroidManifest.xml:36:17-109
88                android:value="com.google.firebase.components.ComponentRegistrar" />
88-->[com.google.firebase:firebase-common:20.4.2] AndroidManifest.xml:37:17-82
89        </service>
90
91        <activity
91-->[com.google.android.gms:play-services-base:18.0.1] AndroidManifest.xml:20:9-22:45
92            android:name="com.google.android.gms.common.api.GoogleApiActivity"
92-->[com.google.android.gms:play-services-base:18.0.1] AndroidManifest.xml:20:19-85
93            android:exported="false"
93-->[com.google.android.gms:play-services-base:18.0.1] AndroidManifest.xml:22:19-43
94            android:theme="@android:style/Theme.Translucent.NoTitleBar" />
94-->[com.google.android.gms:play-services-base:18.0.1] AndroidManifest.xml:21:19-78
95
96        <provider
96-->[com.google.firebase:firebase-common:20.4.2] AndroidManifest.xml:23:9-28:39
97            android:name="com.google.firebase.provider.FirebaseInitProvider"
97-->[com.google.firebase:firebase-common:20.4.2] AndroidManifest.xml:24:13-77
98            android:authorities="com.colors.game.firebaseinitprovider"
98-->[com.google.firebase:firebase-common:20.4.2] AndroidManifest.xml:25:13-72
99            android:directBootAware="true"
99-->[com.google.firebase:firebase-common:20.4.2] AndroidManifest.xml:26:13-43
100            android:exported="false"
100-->[com.google.firebase:firebase-common:20.4.2] AndroidManifest.xml:27:13-37
101            android:initOrder="100" />
101-->[com.google.firebase:firebase-common:20.4.2] AndroidManifest.xml:28:13-36
102        <provider
102-->[androidx.emoji2:emoji2:1.3.0] AndroidManifest.xml:24:9-32:20
103            android:name="androidx.startup.InitializationProvider"
103-->[androidx.emoji2:emoji2:1.3.0] AndroidManifest.xml:25:13-67
104            android:authorities="com.colors.game.androidx-startup"
104-->[androidx.emoji2:emoji2:1.3.0] AndroidManifest.xml:26:13-68
105            android:exported="false" >
105-->[androidx.emoji2:emoji2:1.3.0] AndroidManifest.xml:27:13-37
106            <meta-data
106-->[androidx.emoji2:emoji2:1.3.0] AndroidManifest.xml:29:13-31:52
107                android:name="androidx.emoji2.text.EmojiCompatInitializer"
107-->[androidx.emoji2:emoji2:1.3.0] AndroidManifest.xml:30:17-75
108                android:value="androidx.startup" />
108-->[androidx.emoji2:emoji2:1.3.0] AndroidManifest.xml:31:17-49
109            <meta-data
109-->[androidx.lifecycle:lifecycle-process:2.8.1] AndroidManifest.xml:29:13-31:52
110                android:name="androidx.lifecycle.ProcessLifecycleInitializer"
110-->[androidx.lifecycle:lifecycle-process:2.8.1] AndroidManifest.xml:30:17-78
111                android:value="androidx.startup" />
111-->[androidx.lifecycle:lifecycle-process:2.8.1] AndroidManifest.xml:31:17-49
112            <meta-data
112-->[androidx.profileinstaller:profileinstaller:1.3.1] AndroidManifest.xml:29:13-31:52
113                android:name="androidx.profileinstaller.ProfileInstallerInitializer"
113-->[androidx.profileinstaller:profileinstaller:1.3.1] AndroidManifest.xml:30:17-85
114                android:value="androidx.startup" />
114-->[androidx.profileinstaller:profileinstaller:1.3.1] AndroidManifest.xml:31:17-49
115        </provider>
116
117        <meta-data
117-->[com.google.android.gms:play-services-basement:18.1.0] AndroidManifest.xml:21:9-23:69
118            android:name="com.google.android.gms.version"
118-->[com.google.android.gms:play-services-basement:18.1.0] AndroidManifest.xml:22:13-58
119            android:value="@integer/google_play_services_version" />
119-->[com.google.android.gms:play-services-basement:18.1.0] AndroidManifest.xml:23:13-66
120
121        <receiver
121-->[androidx.profileinstaller:profileinstaller:1.3.1] AndroidManifest.xml:34:9-52:20
122            android:name="androidx.profileinstaller.ProfileInstallReceiver"
122-->[androidx.profileinstaller:profileinstaller:1.3.1] AndroidManifest.xml:35:13-76
123            android:directBootAware="false"
123-->[androidx.profileinstaller:profileinstaller:1.3.1] AndroidManifest.xml:36:13-44
124            android:enabled="true"
124-->[androidx.profileinstaller:profileinstaller:1.3.1] AndroidManifest.xml:37:13-35
125            android:exported="true"
125-->[androidx.profileinstaller:profileinstaller:1.3.1] AndroidManifest.xml:38:13-36
126            android:permission="android.permission.DUMP" >
126-->[androidx.profileinstaller:profileinstaller:1.3.1] AndroidManifest.xml:39:13-57
127            <intent-filter>
127-->[androidx.profileinstaller:profileinstaller:1.3.1] AndroidManifest.xml:40:13-42:29
128                <action android:name="androidx.profileinstaller.action.INSTALL_PROFILE" />
128-->[androidx.profileinstaller:profileinstaller:1.3.1] AndroidManifest.xml:41:17-91
128-->[androidx.profileinstaller:profileinstaller:1.3.1] AndroidManifest.xml:41:25-88
129            </intent-filter>
130            <intent-filter>
130-->[androidx.profileinstaller:profileinstaller:1.3.1] AndroidManifest.xml:43:13-45:29
131                <action android:name="androidx.profileinstaller.action.SKIP_FILE" />
131-->[androidx.profileinstaller:profileinstaller:1.3.1] AndroidManifest.xml:44:17-85
131-->[androidx.profileinstaller:profileinstaller:1.3.1] AndroidManifest.xml:44:25-82
132            </intent-filter>
133            <intent-filter>
133-->[androidx.profileinstaller:profileinstaller:1.3.1] AndroidManifest.xml:46:13-48:29
134                <action android:name="androidx.profileinstaller.action.SAVE_PROFILE" />
134-->[androidx.profileinstaller:profileinstaller:1.3.1] AndroidManifest.xml:47:17-88
134-->[androidx.profileinstaller:profileinstaller:1.3.1] AndroidManifest.xml:47:25-85
135            </intent-filter>
136            <intent-filter>
136-->[androidx.profileinstaller:profileinstaller:1.3.1] AndroidManifest.xml:49:13-51:29
137                <action android:name="androidx.profileinstaller.action.BENCHMARK_OPERATION" />
137-->[androidx.profileinstaller:profileinstaller:1.3.1] AndroidManifest.xml:50:17-95
137-->[androidx.profileinstaller:profileinstaller:1.3.1] AndroidManifest.xml:50:25-92
138            </intent-filter>
139        </receiver>
140    </application>
141
142</manifest>